============================================================ 
Manufacturing Orchestrator - Bootstrapper Installation 
============================================================ 
Installation started: Tue 04/11/2025 10:14:12.02 
Working Directory: C:\Users\kye.tonkin\Desktop\manufacturing_orchestrator 
 
[STEP 1/6] Checking for Node.js... 
[OK] Node.js found: v22.20.0 
[OK] npm version: v10.9.3 
[STEP 5/6] Installing dependencies... 

up to date, audited 102 packages in 1s

18 packages are looking for funding
  run `npm fund` for details

found 0 vulnerabilities
[OK] Dependencies installed 

up to date, audited 102 packages in 1s

18 packages are looking for funding
  run `npm fund` for details

found 0 vulnerabilities
[OK] node-windows installed 
[STEP 6/6] Installing service... 

============================================================
INSTALLING MANUFACTURING ORCHESTRATOR AS WINDOWS SERVICE
============================================================
Please wait...

{
  loc: 'winsw.js ~line 77',
  xml: [
    { id: 'manufacturingorchestrator.exe' },
    { name: 'ManufacturingOrchestrator' },
    {
      description: 'Queue-based Manufacturing Orchestrator for Fishbowl - Proxy Server'
    },
    { executable: 'C:\\Program Files\\nodejs\\node.exe' },
    { argument: '--harmony' },
    { argument: '--max_old_space_size=4096' },
    {
      argument: 'C:\\Users\\kye.tonkin\\Desktop\\manufacturing_orchestrator\\node_modules\\node-windows\\lib\\wrapper.js'
    }
  ],
  config: {
    name: 'ManufacturingOrchestrator',
    id: 'manufacturingorchestrator.exe',
    nodeOptions: [ '--harmony', '--max_old_space_size=4096' ],
    script: 'C:\\Users\\kye.tonkin\\Desktop\\manufacturing_orchestrator\\node_modules\\node-windows\\lib\\wrapper.js',
    scriptOptions: '',
    wrapperArgs: [
      '--file',
      'C:\\Users\\kye.tonkin\\Desktop\\manufacturing_orchestrator\\server.js',
      '--scriptoptions=',
      '--log',
      'ManufacturingOrchestrator wrapper',
      '--grow',
      0.5,
      '--wait',
      2,
      '--maxrestarts',
      10,
      '--abortonerror',
      'n',
      '--stopparentfirst',
      true,
      '--maxretries',
      5
    ],
    description: 'Queue-based Manufacturing Orchestrator for Fishbowl - Proxy Server',
    logpath: null,
    env: [ [Object] ],
    execPath: null,
    logOnAs: {
      account: null,
      password: null,
      domain: 'KYETONKIN-PC',
      mungeCredentialsAfterInstall: true
    },
    workingdirectory: 'C:\\Users\\kye.tonkin\\Desktop\\manufacturing_orchestrator',
    stopparentfirst: true,
    stoptimeout: 120,
    logmode: 'rotate',
    logging: undefined,
    allowServiceLogon: undefined
  }
}

============================================================
SERVICE INSTALLED SUCCESSFULLY
============================================================
Service Name: ManufacturingOrchestrator
Status: Installed and Started
Startup Type: Automatic
Log File: C:\Users\kye.tonkin\Desktop\manufacturing_orchestrator\server.log
============================================================

The service is now running in the background.
Access the web interface at: http://localhost:3000/manufacturing-orchestrator.html

To manage the service:
  - Open: services.msc
  - Find: "ManufacturingOrchestrator"
  - Right-click for options (Start, Stop, Restart)

To uninstall:
  - Run: node uninstall-windows-service.js


Service started successfully!
