[2025-11-04 00:34:41] [INFO] Windows platform detected - added SIGBREAK handler for service control
[2025-11-04 00:34:41] [INFO] ============================================================
[2025-11-04 00:34:41] [INFO] MANUFACTURING ORCHESTRATOR PROXY SERVER
[2025-11-04 00:34:41] [INFO] ============================================================
[2025-11-04 00:34:41] [INFO] Server running on http://localhost:3000
[2025-11-04 00:34:41] [INFO] Web interface: http://localhost:3000/manufacturing-orchestrator.html
[2025-11-04 00:34:41] [INFO] Log level: INFO
[2025-11-04 00:34:41] [INFO] CORS enabled - Fishbowl API calls will be proxied
[2025-11-04 00:34:41] [INFO] SSL certificate validation disabled (development mode)
[2025-11-04 00:34:41] [INFO] ============================================================
[2025-11-04 00:34:41] [WARN] Found 1 orphaned token(s) from previous session(s)
[2025-11-04 00:34:41] [WARN] STARTUP - Could not check for pending jobs
{
  "error": "Table 'ceres_tracking_v2.mo_queue' doesn't exist"
}
[2025-11-04 00:34:41] [INFO] STARTUP - No pending jobs found, cleaning up orphaned tokens...
[2025-11-04 00:34:41] [INFO] TOKEN TRACKING - Attempting to logout 1 token(s)
[2025-11-04 00:34:41] [INFO] TOKEN TRACKING - Logging out admin@http://localhost:2480
[2025-11-04 00:34:41] [INFO] TOKEN TRACKING - Successfully logged out admin
[2025-11-04 00:34:41] [INFO] TOKEN TRACKING - Cleanup complete
{
  "loggedOut": 1,
  "failed": 0,
  "remaining": 0
}
[2025-11-04 00:34:41] [INFO] STARTUP - Successfully cleaned up 1 orphaned session(s)
[2025-11-04 00:34:41] [INFO] ============================================================
[2025-11-04 00:34:41] [INFO] Server ready - Press Ctrl+C to stop
[2025-11-04 00:37:54] [INFO] CONFIG - Loading configuration...
[2025-11-04 00:37:54] [INFO] CONFIG - Configuration loaded successfully
{
  "database": "ceres_tracking_v2"
}
[2025-11-04 00:37:54] [API] SQL QUERY
{
  "serverUrl": "http://localhost:2480",
  "sqlPreview": "SELECT 1 as test...",
  "url": "http://localhost:2480/api/data-query"
}
[2025-11-04 00:37:54] [API] SQL QUERY RESPONSE - Status: 401, Rows: N/A
[2025-11-04 00:37:54] [INFO] CONFIG - Loading configuration...
[2025-11-04 00:37:54] [INFO] CONFIG - Configuration loaded successfully
{
  "database": "ceres_tracking_v2"
}
[2025-11-04 00:37:54] [INFO] PENDING JOBS - Checking for pending queue items
{
  "database": "ceres_tracking_v2"
}
[2025-11-04 00:37:54] [ERROR] PENDING JOBS - Error checking pending jobs
{
  "error": "Table 'ceres_tracking_v2.mo_queue' doesn't exist"
}
[2025-11-04 00:37:54] [API] SQL QUERY
{
  "serverUrl": "http://localhost:2480",
  "sqlPreview": "SELECT locationgroup.name AS locationgroupnamelistvalue, locationgroup.id AS locgid FROM locationgro...",
  "url": "http://localhost:2480/api/data-query"
}
[2025-11-04 00:37:54] [API] SQL QUERY RESPONSE - Status: 401, Rows: N/A
[2025-11-04 00:37:54] [INFO] STATUS - Queue status requested
[2025-11-04 00:38:18] [API] LOGOUT REQUEST - Cleaning up all tracked tokens
{
  "serverUrl": "http://localhost:2480"
}
[2025-11-04 00:38:19] [API] LOGOUT - Current session logged out successfully
[2025-11-04 00:38:19] [INFO] TOKEN TRACKING - No active tokens to logout
[2025-11-04 00:38:19] [API] LOGOUT - Complete
{
  "success": true,
  "loggedOut": 0,
  "failed": 0
}
[2025-11-04 00:38:22] [API] LOGIN REQUEST
{
  "serverUrl": "http://localhost:2480",
  "username": "admin",
  "url": "http://localhost:2480/api/login"
}
[2025-11-04 00:38:22] [API] LOGIN RESPONSE - Status: 200
[2025-11-04 00:38:22] [INFO] LOGIN - Token tracked successfully. Total active tokens: 1
[2025-11-04 00:38:22] [API] SQL QUERY
{
  "serverUrl": "http://localhost:2480",
  "sqlPreview": "SELECT DATABASE() as current_db...",
  "url": "http://localhost:2480/api/data-query"
}
[2025-11-04 00:38:22] [API] SQL QUERY RESPONSE - Status: 200, Rows: 1
[2025-11-04 00:38:22] [INFO] CONFIG - Saving configuration...
[2025-11-04 00:38:22] [INFO] CONFIG - Configuration saved successfully
{
  "database": "ceres_tracking_v2"
}
[2025-11-04 00:38:22] [INFO] MYSQL - Initializing queue table...
{
  "database": "ceres_tracking_v2"
}
[2025-11-04 00:38:22] [INFO] MYSQL - Connected successfully
[2025-11-04 00:38:22] [INFO] MYSQL - Current database: ceres_tracking_v2
[2025-11-04 00:38:22] [INFO] MYSQL - Creating mo_queue table (if not exists)...
[2025-11-04 00:38:22] [INFO] MYSQL - Table ready (created or already exists)
[2025-11-04 00:38:22] [INFO] MYSQL - Table has 0 row(s)
[2025-11-04 00:38:22] [API] SQL QUERY
{
  "serverUrl": "http://localhost:2480",
  "sqlPreview": "SELECT locationgroup.name AS locationgroupnamelistvalue, locationgroup.id AS locgid FROM locationgro...",
  "url": "http://localhost:2480/api/data-query"
}
[2025-11-04 00:38:23] [API] SQL QUERY RESPONSE - Status: 200, Rows: 1
[2025-11-04 00:38:23] [INFO] CONFIG - Loading configuration...
[2025-11-04 00:38:23] [INFO] CONFIG - Configuration loaded successfully
{
  "database": "ceres_tracking_v2"
}
[2025-11-04 00:38:23] [INFO] PENDING JOBS - Checking for pending queue items
{
  "database": "ceres_tracking_v2"
}
[2025-11-04 00:38:23] [INFO] PENDING JOBS - Found 0 pending item(s)
[2025-11-04 00:38:24] [API] SQL QUERY
{
  "serverUrl": "http://localhost:2480",
  "sqlPreview": "SELECT bom.id AS bomid, bom.num, CONCAT(bom.num,' - ',bom.description) AS bom_list_value, locationgr...",
  "url": "http://localhost:2480/api/data-query"
}
[2025-11-04 00:38:24] [API] SQL QUERY RESPONSE - Status: 200, Rows: 1
[2025-11-04 00:38:30] [API] SQL QUERY
{
  "serverUrl": "http://localhost:2480",
  "sqlPreview": "SELECT DISTINCT CONCAT(locationgroup.name,'-',location.name) AS location_list FROM location JOIN loc...",
  "url": "http://localhost:2480/api/data-query"
}
[2025-11-04 00:38:30] [API] SQL QUERY RESPONSE - Status: 200, Rows: 4
[2025-11-04 00:38:30] [INFO] RAW GOODS - Fetching for BOM
{
  "bomNum": "RCH001"
}
[2025-11-04 00:38:30] [INFO] RAW GOODS - Found 1 raw good(s)
[2025-11-04 00:38:34] [API] SQL QUERY
{
  "serverUrl": "http://localhost:2480",
  "sqlPreview": "SELECT DISTINCT tisn.serialnum AS serial FROM serialnum tisn JOIN serial s ON s.id = tisn.serialid J...",
  "url": "http://localhost:2480/api/data-query"
}
[2025-11-04 00:38:34] [API] SQL QUERY RESPONSE - Status: 200, Rows: 100
[2025-11-04 00:38:34] [API] SQL QUERY
{
  "serverUrl": "http://localhost:2480",
  "sqlPreview": "SELECT DISTINCT tisn.serialnum AS barcode FROM serialnum tisn JOIN serial s ON s.id = tisn.serialid ...",
  "url": "http://localhost:2480/api/data-query"
}
[2025-11-04 00:38:34] [API] SQL QUERY RESPONSE - Status: 200, Rows: 0
[2025-11-04 00:38:46] [INFO] CONFIG - Loading configuration...
[2025-11-04 00:38:46] [INFO] CONFIG - Configuration loaded successfully
{
  "database": "ceres_tracking_v2"
}
[2025-11-04 00:38:46] [INFO] MYSQL - Deleting pending barcodes...
{
  "database": "ceres_tracking_v2",
  "count": 10
}
[2025-11-04 00:38:46] [INFO] MYSQL - No pending records found for given barcodes
[2025-11-04 00:38:46] [INFO] MYSQL - Batch queueing work orders...
{
  "database": "ceres_tracking_v2",
  "count": 10
}
[2025-11-04 00:38:46] [INFO] MYSQL - Successfully queued 10 work order(s)
[2025-11-04 00:38:47] [API] SQL QUERY
{
  "serverUrl": "http://localhost:2480",
  "sqlPreview": "\n      SELECT\n        status,\n        COUNT(*) as count,\n        COUNT(DISTINCT mo_number) as mo_cou...",
  "url": "http://localhost:2480/api/data-query"
}
[2025-11-04 00:38:47] [API] SQL QUERY RESPONSE - Status: 200, Rows: 1
[2025-11-04 00:38:47] [API] SQL QUERY
{
  "serverUrl": "http://localhost:2480",
  "sqlPreview": "SELECT COUNT(DISTINCT mo_number) as mo_count FROM mo_queue WHERE mo_number IS NOT NULL...",
  "url": "http://localhost:2480/api/data-query"
}
[2025-11-04 00:38:47] [API] SQL QUERY RESPONSE - Status: 200, Rows: 1
[2025-11-04 00:38:48] [INFO] CONFIG - Loading configuration...
[2025-11-04 00:38:48] [INFO] CONFIG - Configuration loaded successfully
{
  "database": "ceres_tracking_v2"
}
[2025-11-04 00:38:48] [INFO] QUEUE PROCESSING - Start requested
{
  "database": "ceres_tracking_v2",
  "bom": "RCH001",
  "locationGroup": "1"
}
[2025-11-04 00:38:48] [INFO] BACKGROUND PROCESSOR - Starting
[2025-11-04 00:38:48] [INFO] BACKGROUND PROCESSOR - Connected to database
[2025-11-04 00:38:48] [INFO] BACKGROUND PROCESSOR - Found 10 pending items
[2025-11-04 00:38:48] [INFO] BACKGROUND PROCESSOR - No existing MOs for today, starting from 1
[2025-11-04 00:38:48] [INFO] BACKGROUND PROCESSOR - Starting from sequence 1
[2025-11-04 00:38:48] [INFO] BACKGROUND PROCESSOR - 1 batch(es) to process (0 partial, 1 new)
[2025-11-04 00:38:48] [INFO] BACKGROUND PROCESSOR - Batch 1/1: MO RCH001|251104|1
[2025-11-04 00:38:49] [INFO] BACKGROUND PROCESSOR - MO created: RCH001|251104|1 (ID: 2)
[2025-11-04 00:38:49] [INFO] BACKGROUND PROCESSOR - MO issued
[2025-11-04 00:38:49] [INFO] BACKGROUND PROCESSOR - Found 10 WOs for MO RCH001|251104|1
[2025-11-04 00:38:49] [INFO] BACKGROUND PROCESSOR - WO numbers assigned to all items for MO RCH001|251104|1
[2025-11-04 00:38:49] [INFO] BACKGROUND PROCESSOR - Processing WO RCH001|251104|1:001 | Barcode RCH0010241W40
[2025-11-04 00:38:49] [INFO] WO RCH001|251104|1:001 - Pick opened successfully
[2025-11-04 00:38:49] [INFO] WO RCH001|251104|1:001 - Splitting pick by location
[2025-11-04 00:38:50] [INFO] WO RCH001|251104|1:001 - Pick split and saved successfully
[2025-11-04 00:38:50] [INFO] BACKGROUND PROCESSOR - Success: RCH001|251104|1:001 | RCH0010241W40
[2025-11-04 00:38:50] [INFO] BACKGROUND PROCESSOR - Processing WO RCH001|251104|1:002 | Barcode RCH0010242W40
[2025-11-04 00:38:50] [INFO] WO RCH001|251104|1:002 - Pick opened successfully
[2025-11-04 00:38:50] [INFO] WO RCH001|251104|1:002 - Splitting pick by location
[2025-11-04 00:38:50] [INFO] STATUS - Queue status requested
[2025-11-04 00:38:50] [INFO] WO RCH001|251104|1:002 - Pick split and saved successfully
[2025-11-04 00:38:51] [INFO] BACKGROUND PROCESSOR - Success: RCH001|251104|1:002 | RCH0010242W40
[2025-11-04 00:38:51] [INFO] BACKGROUND PROCESSOR - Processing WO RCH001|251104|1:003 | Barcode RCH0010243W40
[2025-11-04 00:38:51] [INFO] WO RCH001|251104|1:003 - Pick opened successfully
[2025-11-04 00:38:51] [INFO] WO RCH001|251104|1:003 - Splitting pick by location
[2025-11-04 00:38:51] [INFO] WO RCH001|251104|1:003 - Pick split and saved successfully
[2025-11-04 00:38:51] [INFO] BACKGROUND PROCESSOR - Success: RCH001|251104|1:003 | RCH0010243W40
[2025-11-04 00:38:51] [INFO] BACKGROUND PROCESSOR - Processing WO RCH001|251104|1:004 | Barcode RCH0010244W40
[2025-11-04 00:38:52] [INFO] WO RCH001|251104|1:004 - Pick opened successfully
[2025-11-04 00:38:52] [INFO] WO RCH001|251104|1:004 - Splitting pick by location
[2025-11-04 00:38:52] [INFO] WO RCH001|251104|1:004 - Pick split and saved successfully
[2025-11-04 00:38:52] [INFO] BACKGROUND PROCESSOR - Success: RCH001|251104|1:004 | RCH0010244W40
[2025-11-04 00:38:52] [INFO] BACKGROUND PROCESSOR - Processing WO RCH001|251104|1:005 | Barcode RCH0010245W40
[2025-11-04 00:38:52] [INFO] WO RCH001|251104|1:005 - Pick opened successfully
[2025-11-04 00:38:52] [INFO] WO RCH001|251104|1:005 - Splitting pick by location
[2025-11-04 00:38:52] [INFO] WO RCH001|251104|1:005 - Pick split and saved successfully
[2025-11-04 00:38:52] [INFO] STATUS - Queue status requested
[2025-11-04 00:38:53] [INFO] BACKGROUND PROCESSOR - Success: RCH001|251104|1:005 | RCH0010245W40
[2025-11-04 00:38:53] [INFO] BACKGROUND PROCESSOR - Processing WO RCH001|251104|1:006 | Barcode RCH0010246W40
[2025-11-04 00:38:53] [INFO] WO RCH001|251104|1:006 - Pick opened successfully
[2025-11-04 00:38:53] [INFO] WO RCH001|251104|1:006 - Splitting pick by location
[2025-11-04 00:38:53] [INFO] WO RCH001|251104|1:006 - Pick split and saved successfully
[2025-11-04 00:38:53] [INFO] BACKGROUND PROCESSOR - Success: RCH001|251104|1:006 | RCH0010246W40
[2025-11-04 00:38:53] [INFO] BACKGROUND PROCESSOR - Processing WO RCH001|251104|1:007 | Barcode RCH0010247W40
[2025-11-04 00:38:53] [INFO] WO RCH001|251104|1:007 - Pick opened successfully
[2025-11-04 00:38:53] [INFO] WO RCH001|251104|1:007 - Splitting pick by location
[2025-11-04 00:38:53] [INFO] WO RCH001|251104|1:007 - Pick split and saved successfully
[2025-11-04 00:38:54] [INFO] BACKGROUND PROCESSOR - Success: RCH001|251104|1:007 | RCH0010247W40
[2025-11-04 00:38:54] [INFO] BACKGROUND PROCESSOR - Processing WO RCH001|251104|1:008 | Barcode RCH0010248W40
[2025-11-04 00:38:54] [INFO] WO RCH001|251104|1:008 - Pick opened successfully
[2025-11-04 00:38:54] [INFO] WO RCH001|251104|1:008 - Splitting pick by location
[2025-11-04 00:38:54] [INFO] WO RCH001|251104|1:008 - Pick split and saved successfully
[2025-11-04 00:38:54] [INFO] BACKGROUND PROCESSOR - Success: RCH001|251104|1:008 | RCH0010248W40
[2025-11-04 00:38:54] [INFO] BACKGROUND PROCESSOR - Processing WO RCH001|251104|1:009 | Barcode RCH0010249W40
[2025-11-04 00:38:54] [INFO] WO RCH001|251104|1:009 - Pick opened successfully
[2025-11-04 00:38:54] [INFO] WO RCH001|251104|1:009 - Splitting pick by location
[2025-11-04 00:38:54] [INFO] STATUS - Queue status requested
[2025-11-04 00:38:54] [INFO] WO RCH001|251104|1:009 - Pick split and saved successfully
[2025-11-04 00:38:55] [INFO] BACKGROUND PROCESSOR - Success: RCH001|251104|1:009 | RCH0010249W40
[2025-11-04 00:38:55] [INFO] BACKGROUND PROCESSOR - Processing WO RCH001|251104|1:010 | Barcode RCH0010250W40
[2025-11-04 00:38:55] [INFO] WO RCH001|251104|1:010 - Pick opened successfully
[2025-11-04 00:38:55] [INFO] WO RCH001|251104|1:010 - Splitting pick by location
[2025-11-04 00:38:55] [INFO] WO RCH001|251104|1:010 - Pick split and saved successfully
[2025-11-04 00:38:55] [INFO] BACKGROUND PROCESSOR - Success: RCH001|251104|1:010 | RCH0010250W40
[2025-11-04 00:38:55] [INFO] BACKGROUND PROCESSOR - Complete
{
  "total": 10,
  "success": 10,
  "failed": 0
}
[2025-11-04 00:38:56] [INFO] STATUS - Queue status requested
[2025-11-04 00:38:56] [API] SQL QUERY
{
  "serverUrl": "http://localhost:2480",
  "sqlPreview": "\n      SELECT\n        status,\n        COUNT(*) as count,\n        COUNT(DISTINCT mo_number) as mo_cou...",
  "url": "http://localhost:2480/api/data-query"
}
[2025-11-04 00:38:56] [API] SQL QUERY RESPONSE - Status: 200, Rows: 1
[2025-11-04 00:38:56] [API] SQL QUERY
{
  "serverUrl": "http://localhost:2480",
  "sqlPreview": "SELECT COUNT(DISTINCT mo_number) as mo_count FROM mo_queue WHERE mo_number IS NOT NULL...",
  "url": "http://localhost:2480/api/data-query"
}
[2025-11-04 00:38:56] [API] SQL QUERY RESPONSE - Status: 200, Rows: 1
[2025-11-04 00:39:09] [API] LOGOUT REQUEST - Cleaning up all tracked tokens
{
  "serverUrl": "http://localhost:2480"
}
[2025-11-04 00:39:09] [API] LOGOUT - Current session logged out successfully
[2025-11-04 00:39:09] [INFO] TOKEN TRACKING - No active tokens to logout
[2025-11-04 00:39:09] [API] LOGOUT - Complete
{
  "success": true,
  "loggedOut": 0,
  "failed": 0
}
[2025-11-04 00:39:15] [API] LOGIN REQUEST
{
  "serverUrl": "http://localhost:2480",
  "username": "admin",
  "url": "http://localhost:2480/api/login"
}
[2025-11-04 00:39:15] [API] LOGIN RESPONSE - Status: 200
[2025-11-04 00:39:15] [INFO] LOGIN - Token tracked successfully. Total active tokens: 1
[2025-11-04 00:39:15] [API] SQL QUERY
{
  "serverUrl": "http://localhost:2480",
  "sqlPreview": "SELECT DATABASE() as current_db...",
  "url": "http://localhost:2480/api/data-query"
}
[2025-11-04 00:39:15] [API] SQL QUERY RESPONSE - Status: 200, Rows: 1
[2025-11-04 00:39:15] [INFO] CONFIG - Saving configuration...
[2025-11-04 00:39:15] [INFO] CONFIG - Configuration saved successfully
{
  "database": "ceres_tracking_v2"
}
[2025-11-04 00:39:15] [INFO] MYSQL - Initializing queue table...
{
  "database": "ceres_tracking_v2"
}
[2025-11-04 00:39:15] [INFO] MYSQL - Connected successfully
[2025-11-04 00:39:15] [INFO] MYSQL - Current database: ceres_tracking_v2
[2025-11-04 00:39:15] [INFO] MYSQL - Creating mo_queue table (if not exists)...
[2025-11-04 00:39:15] [INFO] MYSQL - Table ready (created or already exists)
[2025-11-04 00:39:15] [INFO] MYSQL - Table has 10 row(s)
[2025-11-04 00:39:15] [API] SQL QUERY
{
  "serverUrl": "http://localhost:2480",
  "sqlPreview": "SELECT locationgroup.name AS locationgroupnamelistvalue, locationgroup.id AS locgid FROM locationgro...",
  "url": "http://localhost:2480/api/data-query"
}
[2025-11-04 00:39:16] [API] SQL QUERY RESPONSE - Status: 200, Rows: 1
[2025-11-04 00:39:16] [INFO] CONFIG - Loading configuration...
[2025-11-04 00:39:16] [INFO] CONFIG - Configuration loaded successfully
{
  "database": "ceres_tracking_v2"
}
[2025-11-04 00:39:16] [INFO] PENDING JOBS - Checking for pending queue items
{
  "database": "ceres_tracking_v2"
}
[2025-11-04 00:39:16] [INFO] PENDING JOBS - Found 0 pending item(s)
[2025-11-04 00:39:29] [INFO] Windows platform detected - added SIGBREAK handler for service control
[2025-11-04 00:39:29] [INFO] ============================================================
[2025-11-04 00:39:29] [INFO] MANUFACTURING ORCHESTRATOR PROXY SERVER
[2025-11-04 00:39:29] [INFO] ============================================================
[2025-11-04 00:39:29] [INFO] Server running on http://localhost:3000
[2025-11-04 00:39:29] [INFO] Web interface: http://localhost:3000/manufacturing-orchestrator.html
[2025-11-04 00:39:29] [INFO] Log level: INFO
[2025-11-04 00:39:29] [INFO] CORS enabled - Fishbowl API calls will be proxied
[2025-11-04 00:39:29] [INFO] SSL certificate validation disabled (development mode)
[2025-11-04 00:39:29] [INFO] ============================================================
[2025-11-04 00:39:29] [WARN] Found 1 orphaned token(s) from previous session(s)
[2025-11-04 00:39:29] [INFO] STARTUP - No pending jobs found, cleaning up orphaned tokens...
[2025-11-04 00:39:29] [INFO] TOKEN TRACKING - Attempting to logout 1 token(s)
[2025-11-04 00:39:29] [INFO] TOKEN TRACKING - Logging out admin@http://localhost:2480
[2025-11-04 00:39:29] [INFO] TOKEN TRACKING - Successfully logged out admin
[2025-11-04 00:39:29] [INFO] TOKEN TRACKING - Cleanup complete
{
  "loggedOut": 1,
  "failed": 0,
  "remaining": 0
}
[2025-11-04 00:39:29] [INFO] STARTUP - Successfully cleaned up 1 orphaned session(s)
[2025-11-04 00:39:29] [INFO] ============================================================
[2025-11-04 00:39:29] [INFO] Server ready - Press Ctrl+C to stop
[2025-11-04 00:39:30] [INFO] CONFIG - Loading configuration...
[2025-11-04 00:39:30] [INFO] CONFIG - Configuration loaded successfully
{
  "database": "ceres_tracking_v2"
}
[2025-11-04 00:39:30] [API] SQL QUERY
{
  "serverUrl": "http://localhost:2480",
  "sqlPreview": "SELECT 1 as test...",
  "url": "http://localhost:2480/api/data-query"
}
[2025-11-04 00:39:30] [API] SQL QUERY RESPONSE - Status: 401, Rows: N/A
[2025-11-04 00:39:30] [INFO] CONFIG - Loading configuration...
[2025-11-04 00:39:30] [INFO] CONFIG - Configuration loaded successfully
{
  "database": "ceres_tracking_v2"
}
[2025-11-04 00:39:30] [INFO] PENDING JOBS - Checking for pending queue items
{
  "database": "ceres_tracking_v2"
}
[2025-11-04 00:39:30] [INFO] PENDING JOBS - Found 0 pending item(s)
[2025-11-04 00:39:30] [API] SQL QUERY
{
  "serverUrl": "http://localhost:2480",
  "sqlPreview": "SELECT locationgroup.name AS locationgroupnamelistvalue, locationgroup.id AS locgid FROM locationgro...",
  "url": "http://localhost:2480/api/data-query"
}
[2025-11-04 00:39:30] [API] SQL QUERY RESPONSE - Status: 401, Rows: N/A
[2025-11-04 00:39:30] [INFO] STATUS - Queue status requested
[2025-11-04 00:39:31] [API] LOGOUT REQUEST - Cleaning up all tracked tokens
{
  "serverUrl": "http://localhost:2480"
}
[2025-11-04 00:39:31] [API] LOGOUT - Current session logged out successfully
[2025-11-04 00:39:31] [INFO] TOKEN TRACKING - No active tokens to logout
[2025-11-04 00:39:31] [API] LOGOUT - Complete
{
  "success": true,
  "loggedOut": 0,
  "failed": 0
}
[2025-11-04 00:39:36] [API] LOGIN REQUEST
{
  "serverUrl": "http://localhost:2480",
  "username": "admin",
  "url": "http://localhost:2480/api/login"
}
[2025-11-04 00:39:36] [API] LOGIN RESPONSE - Status: 200
[2025-11-04 00:39:36] [INFO] LOGIN - Token tracked successfully. Total active tokens: 1
[2025-11-04 00:39:36] [API] SQL QUERY
{
  "serverUrl": "http://localhost:2480",
  "sqlPreview": "SELECT DATABASE() as current_db...",
  "url": "http://localhost:2480/api/data-query"
}
[2025-11-04 00:39:37] [API] SQL QUERY RESPONSE - Status: 200, Rows: 1
[2025-11-04 00:39:37] [INFO] CONFIG - Saving configuration...
[2025-11-04 00:39:37] [INFO] CONFIG - Configuration saved successfully
{
  "database": "ceres_tracking_v2"
}
[2025-11-04 00:39:37] [INFO] MYSQL - Initializing queue table...
{
  "database": "ceres_tracking_v2"
}
[2025-11-04 00:39:37] [INFO] MYSQL - Connected successfully
[2025-11-04 00:39:37] [INFO] MYSQL - Current database: ceres_tracking_v2
[2025-11-04 00:39:37] [INFO] MYSQL - Creating mo_queue table (if not exists)...
[2025-11-04 00:39:37] [INFO] MYSQL - Table ready (created or already exists)
[2025-11-04 00:39:37] [INFO] MYSQL - Table has 10 row(s)
[2025-11-04 00:39:37] [API] SQL QUERY
{
  "serverUrl": "http://localhost:2480",
  "sqlPreview": "SELECT locationgroup.name AS locationgroupnamelistvalue, locationgroup.id AS locgid FROM locationgro...",
  "url": "http://localhost:2480/api/data-query"
}
[2025-11-04 00:39:37] [API] SQL QUERY RESPONSE - Status: 200, Rows: 1
[2025-11-04 00:39:37] [INFO] CONFIG - Loading configuration...
[2025-11-04 00:39:37] [INFO] CONFIG - Configuration loaded successfully
{
  "database": "ceres_tracking_v2"
}
[2025-11-04 00:39:37] [INFO] PENDING JOBS - Checking for pending queue items
{
  "database": "ceres_tracking_v2"
}
[2025-11-04 00:39:37] [INFO] PENDING JOBS - Found 0 pending item(s)
[2025-11-04 00:39:38] [API] SQL QUERY
{
  "serverUrl": "http://localhost:2480",
  "sqlPreview": "SELECT bom.id AS bomid, bom.num, CONCAT(bom.num,' - ',bom.description) AS bom_list_value, locationgr...",
  "url": "http://localhost:2480/api/data-query"
}
[2025-11-04 00:39:38] [API] SQL QUERY RESPONSE - Status: 200, Rows: 1
[2025-11-04 00:39:41] [INFO] FINISHED GOODS - Fetching on-hand for disassembly
{
  "bomNum": "RCH001"
}
[2025-11-04 00:39:41] [INFO] FINISHED GOODS - Found 10 on-hand finished good(s) for disassembly
[2025-11-04 00:39:41] [INFO] LOCATIONS - Fetching for location group
{
  "locationGroupId": "1"
}
[2025-11-04 00:39:41] [INFO] LOCATIONS - Found 4 location(s)
[2025-11-04 00:39:45] [API] WO STRUCTURE QUERY
{
  "serverUrl": "http://localhost:2480",
  "woNumber": "RCH001|251104|1:001"
}
[2025-11-04 00:39:45] [API] WO STRUCTURE - Executing SQL
{
  "sqlPreview": "\n        SELECT\n          bomitemtype.name AS woitem_type,\n          woitem.partId AS partid,\n          woitem.qtyUsed AS woitem_qty,\n          GROUP_CONCAT(DISTINCT trackinginfosn.serialNum) AS seria"
}
[2025-11-04 00:39:45] [API] WO STRUCTURE - Fishbowl response status: 200
[2025-11-04 00:39:45] [API] WO STRUCTURE RESPONSE - Items: 3
[2025-11-04 00:39:45] [INFO] QUEUE WORK ORDER - Queueing
{
  "barcode": "RCH0010241W40",
  "operationType": "disassemble"
}
[2025-11-04 00:39:45] [INFO] QUEUE WORK ORDER - Successfully queued RCH0010241W40 for disassemble
[2025-11-04 00:39:45] [API] WO STRUCTURE QUERY
{
  "serverUrl": "http://localhost:2480",
  "woNumber": "RCH001|251104|1:002"
}
[2025-11-04 00:39:45] [API] WO STRUCTURE - Executing SQL
{
  "sqlPreview": "\n        SELECT\n          bomitemtype.name AS woitem_type,\n          woitem.partId AS partid,\n          woitem.qtyUsed AS woitem_qty,\n          GROUP_CONCAT(DISTINCT trackinginfosn.serialNum) AS seria"
}
[2025-11-04 00:39:45] [API] WO STRUCTURE - Fishbowl response status: 200
[2025-11-04 00:39:45] [API] WO STRUCTURE RESPONSE - Items: 3
[2025-11-04 00:39:45] [INFO] QUEUE WORK ORDER - Queueing
{
  "barcode": "RCH0010242W40",
  "operationType": "disassemble"
}
[2025-11-04 00:39:45] [INFO] QUEUE WORK ORDER - Successfully queued RCH0010242W40 for disassemble
[2025-11-04 00:39:45] [API] WO STRUCTURE QUERY
{
  "serverUrl": "http://localhost:2480",
  "woNumber": "RCH001|251104|1:003"
}
[2025-11-04 00:39:45] [API] WO STRUCTURE - Executing SQL
{
  "sqlPreview": "\n        SELECT\n          bomitemtype.name AS woitem_type,\n          woitem.partId AS partid,\n          woitem.qtyUsed AS woitem_qty,\n          GROUP_CONCAT(DISTINCT trackinginfosn.serialNum) AS seria"
}
[2025-11-04 00:39:45] [API] WO STRUCTURE - Fishbowl response status: 200
[2025-11-04 00:39:45] [API] WO STRUCTURE RESPONSE - Items: 3
[2025-11-04 00:39:45] [INFO] QUEUE WORK ORDER - Queueing
{
  "barcode": "RCH0010243W40",
  "operationType": "disassemble"
}
[2025-11-04 00:39:45] [INFO] QUEUE WORK ORDER - Successfully queued RCH0010243W40 for disassemble
[2025-11-04 00:39:45] [API] WO STRUCTURE QUERY
{
  "serverUrl": "http://localhost:2480",
  "woNumber": "RCH001|251104|1:004"
}
[2025-11-04 00:39:45] [API] WO STRUCTURE - Executing SQL
{
  "sqlPreview": "\n        SELECT\n          bomitemtype.name AS woitem_type,\n          woitem.partId AS partid,\n          woitem.qtyUsed AS woitem_qty,\n          GROUP_CONCAT(DISTINCT trackinginfosn.serialNum) AS seria"
}
[2025-11-04 00:39:45] [API] WO STRUCTURE - Fishbowl response status: 200
[2025-11-04 00:39:45] [API] WO STRUCTURE RESPONSE - Items: 3
[2025-11-04 00:39:45] [INFO] QUEUE WORK ORDER - Queueing
{
  "barcode": "RCH0010244W40",
  "operationType": "disassemble"
}
[2025-11-04 00:39:45] [INFO] QUEUE WORK ORDER - Successfully queued RCH0010244W40 for disassemble
[2025-11-04 00:39:45] [API] WO STRUCTURE QUERY
{
  "serverUrl": "http://localhost:2480",
  "woNumber": "RCH001|251104|1:005"
}
[2025-11-04 00:39:45] [API] WO STRUCTURE - Executing SQL
{
  "sqlPreview": "\n        SELECT\n          bomitemtype.name AS woitem_type,\n          woitem.partId AS partid,\n          woitem.qtyUsed AS woitem_qty,\n          GROUP_CONCAT(DISTINCT trackinginfosn.serialNum) AS seria"
}
[2025-11-04 00:39:45] [API] WO STRUCTURE - Fishbowl response status: 200
[2025-11-04 00:39:45] [API] WO STRUCTURE RESPONSE - Items: 3
[2025-11-04 00:39:45] [INFO] QUEUE WORK ORDER - Queueing
{
  "barcode": "RCH0010245W40",
  "operationType": "disassemble"
}
[2025-11-04 00:39:45] [INFO] QUEUE WORK ORDER - Successfully queued RCH0010245W40 for disassemble
[2025-11-04 00:39:45] [API] WO STRUCTURE QUERY
{
  "serverUrl": "http://localhost:2480",
  "woNumber": "RCH001|251104|1:006"
}
[2025-11-04 00:39:45] [API] WO STRUCTURE - Executing SQL
{
  "sqlPreview": "\n        SELECT\n          bomitemtype.name AS woitem_type,\n          woitem.partId AS partid,\n          woitem.qtyUsed AS woitem_qty,\n          GROUP_CONCAT(DISTINCT trackinginfosn.serialNum) AS seria"
}
[2025-11-04 00:39:45] [API] WO STRUCTURE - Fishbowl response status: 200
[2025-11-04 00:39:45] [API] WO STRUCTURE RESPONSE - Items: 3
[2025-11-04 00:39:45] [INFO] QUEUE WORK ORDER - Queueing
{
  "barcode": "RCH0010246W40",
  "operationType": "disassemble"
}
[2025-11-04 00:39:45] [INFO] QUEUE WORK ORDER - Successfully queued RCH0010246W40 for disassemble
[2025-11-04 00:39:45] [API] WO STRUCTURE QUERY
{
  "serverUrl": "http://localhost:2480",
  "woNumber": "RCH001|251104|1:007"
}
[2025-11-04 00:39:45] [API] WO STRUCTURE - Executing SQL
{
  "sqlPreview": "\n        SELECT\n          bomitemtype.name AS woitem_type,\n          woitem.partId AS partid,\n          woitem.qtyUsed AS woitem_qty,\n          GROUP_CONCAT(DISTINCT trackinginfosn.serialNum) AS seria"
}
[2025-11-04 00:39:45] [API] WO STRUCTURE - Fishbowl response status: 200
[2025-11-04 00:39:45] [API] WO STRUCTURE RESPONSE - Items: 3
[2025-11-04 00:39:45] [INFO] QUEUE WORK ORDER - Queueing
{
  "barcode": "RCH0010247W40",
  "operationType": "disassemble"
}
[2025-11-04 00:39:45] [INFO] QUEUE WORK ORDER - Successfully queued RCH0010247W40 for disassemble
[2025-11-04 00:39:45] [API] WO STRUCTURE QUERY
{
  "serverUrl": "http://localhost:2480",
  "woNumber": "RCH001|251104|1:008"
}
[2025-11-04 00:39:45] [API] WO STRUCTURE - Executing SQL
{
  "sqlPreview": "\n        SELECT\n          bomitemtype.name AS woitem_type,\n          woitem.partId AS partid,\n          woitem.qtyUsed AS woitem_qty,\n          GROUP_CONCAT(DISTINCT trackinginfosn.serialNum) AS seria"
}
[2025-11-04 00:39:45] [API] WO STRUCTURE - Fishbowl response status: 200
[2025-11-04 00:39:45] [API] WO STRUCTURE RESPONSE - Items: 3
[2025-11-04 00:39:45] [INFO] QUEUE WORK ORDER - Queueing
{
  "barcode": "RCH0010248W40",
  "operationType": "disassemble"
}
[2025-11-04 00:39:45] [INFO] QUEUE WORK ORDER - Successfully queued RCH0010248W40 for disassemble
[2025-11-04 00:39:45] [API] WO STRUCTURE QUERY
{
  "serverUrl": "http://localhost:2480",
  "woNumber": "RCH001|251104|1:009"
}
[2025-11-04 00:39:45] [API] WO STRUCTURE - Executing SQL
{
  "sqlPreview": "\n        SELECT\n          bomitemtype.name AS woitem_type,\n          woitem.partId AS partid,\n          woitem.qtyUsed AS woitem_qty,\n          GROUP_CONCAT(DISTINCT trackinginfosn.serialNum) AS seria"
}
[2025-11-04 00:39:45] [API] WO STRUCTURE - Fishbowl response status: 200
[2025-11-04 00:39:45] [API] WO STRUCTURE RESPONSE - Items: 3
[2025-11-04 00:39:45] [INFO] QUEUE WORK ORDER - Queueing
{
  "barcode": "RCH0010249W40",
  "operationType": "disassemble"
}
[2025-11-04 00:39:45] [INFO] QUEUE WORK ORDER - Successfully queued RCH0010249W40 for disassemble
[2025-11-04 00:39:45] [API] WO STRUCTURE QUERY
{
  "serverUrl": "http://localhost:2480",
  "woNumber": "RCH001|251104|1:010"
}
[2025-11-04 00:39:45] [API] WO STRUCTURE - Executing SQL
{
  "sqlPreview": "\n        SELECT\n          bomitemtype.name AS woitem_type,\n          woitem.partId AS partid,\n          woitem.qtyUsed AS woitem_qty,\n          GROUP_CONCAT(DISTINCT trackinginfosn.serialNum) AS seria"
}
[2025-11-04 00:39:45] [API] WO STRUCTURE - Fishbowl response status: 200
[2025-11-04 00:39:45] [API] WO STRUCTURE RESPONSE - Items: 3
[2025-11-04 00:39:45] [INFO] QUEUE WORK ORDER - Queueing
{
  "barcode": "RCH0010250W40",
  "operationType": "disassemble"
}
[2025-11-04 00:39:45] [INFO] QUEUE WORK ORDER - Successfully queued RCH0010250W40 for disassemble
[2025-11-04 00:39:46] [API] SQL QUERY
{
  "serverUrl": "http://localhost:2480",
  "sqlPreview": "\n      SELECT\n        status,\n        COUNT(*) as count,\n        COUNT(DISTINCT mo_number) as mo_cou...",
  "url": "http://localhost:2480/api/data-query"
}
[2025-11-04 00:39:46] [API] SQL QUERY RESPONSE - Status: 200, Rows: 2
[2025-11-04 00:39:46] [API] SQL QUERY
{
  "serverUrl": "http://localhost:2480",
  "sqlPreview": "SELECT COUNT(DISTINCT mo_number) as mo_count FROM mo_queue WHERE mo_number IS NOT NULL...",
  "url": "http://localhost:2480/api/data-query"
}
[2025-11-04 00:39:46] [API] SQL QUERY RESPONSE - Status: 200, Rows: 1
[2025-11-04 00:39:58] [INFO] CONFIG - Loading configuration...
[2025-11-04 00:39:58] [INFO] CONFIG - Configuration loaded successfully
{
  "database": "ceres_tracking_v2"
}
[2025-11-04 00:39:58] [INFO] QUEUE PROCESSING - Start requested
{
  "database": "ceres_tracking_v2",
  "bom": "RCH001",
  "locationGroup": "1"
}
[2025-11-04 00:39:58] [INFO] BACKGROUND PROCESSOR - Starting
[2025-11-04 00:39:58] [INFO] BACKGROUND PROCESSOR - Connected to database
[2025-11-04 00:39:58] [INFO] BACKGROUND PROCESSOR - Found 10 pending items
[2025-11-04 00:39:58] [INFO] BACKGROUND PROCESSOR - Found 1 existing MO(s) for today
[2025-11-04 00:39:58] [INFO] BACKGROUND PROCESSOR - Last MO sequence: 1, starting from 2
[2025-11-04 00:39:58] [INFO] BACKGROUND PROCESSOR - Starting from sequence 2
[2025-11-04 00:39:58] [INFO] BACKGROUND PROCESSOR - 1 batch(es) to process (0 partial, 1 new)
[2025-11-04 00:39:58] [INFO] BACKGROUND PROCESSOR - Batch 1/1: MO RCH001|251104|2
[2025-11-04 00:39:58] [INFO] BACKGROUND PROCESSOR - DISASSEMBLY mode detected
[2025-11-04 00:39:58] [INFO] DISASSEMBLY - Processing 10 item(s)
[2025-11-04 00:39:58] [INFO] DISASSEMBLY - Loaded details for 3 unique parts
[2025-11-04 00:39:58] [INFO] DISASSEMBLY - RCH0010241W40: 3 original items
[2025-11-04 00:39:58] [INFO] DISASSEMBLY - RCH0010242W40: 3 original items
[2025-11-04 00:39:58] [INFO] DISASSEMBLY - RCH0010243W40: 3 original items
[2025-11-04 00:39:58] [INFO] DISASSEMBLY - RCH0010244W40: 3 original items
[2025-11-04 00:39:58] [INFO] DISASSEMBLY - RCH0010245W40: 3 original items
[2025-11-04 00:39:58] [INFO] DISASSEMBLY - RCH0010246W40: 3 original items
[2025-11-04 00:39:58] [INFO] DISASSEMBLY - RCH0010247W40: 3 original items
[2025-11-04 00:39:58] [INFO] DISASSEMBLY - RCH0010248W40: 3 original items
[2025-11-04 00:39:58] [INFO] DISASSEMBLY - RCH0010249W40: 3 original items
[2025-11-04 00:39:58] [INFO] DISASSEMBLY - RCH0010250W40: 3 original items
[2025-11-04 00:39:58] [INFO] DISASSEMBLY - Creating MO RCH001|251104|2
[2025-11-04 00:39:58] [INFO] DISASSEMBLY - MO created: RCH001|251104|2 (ID: 3)
[2025-11-04 00:39:59] [INFO] DISASSEMBLY - MO issued
[2025-11-04 00:39:59] [INFO] DISASSEMBLY - Found 10 WOs for MO RCH001|251104|2
[2025-11-04 00:39:59] [INFO] DISASSEMBLY - WO numbers assigned to all items for MO RCH001|251104|2
[2025-11-04 00:39:59] [INFO] DISASSEMBLY - Processing WO RCH001|251104|2:001 | Barcode RCH0010241W40 | Return Location 4
[2025-11-04 00:39:59] [INFO] DISASSEMBLY - WO retrieved, processing items for RCH001|251104|2:001
[2025-11-04 00:39:59] [INFO] DISASSEMBLY - Return location: Main-RandoLoc (ID: 4)
[2025-11-04 00:39:59] [INFO] DISASSEMBLY - WO has 3 items total
[2025-11-04 00:39:59] [INFO] DISASSEMBLY - Found 2 FG items (produced raw goods)
[2025-11-04 00:39:59] [INFO] DISASSEMBLY - Processing FG item 1: Unknown (ID: 1), Qty: 10
[2025-11-04 00:39:59] [INFO] DISASSEMBLY - Found 10 serial(s) from original WO for Unknown: BW3902587, BW3902774, BW4000220, BW4000270, BW4000271KYE, BW4000358, BW4000429, BW4000435, BW4000445, BW4000446
[2025-11-04 00:39:59] [INFO] DISASSEMBLY - Applied 10 serial(s) to Unknown
[2025-11-04 00:39:59] [INFO] DISASSEMBLY - Set destination location for Unknown: Main-RandoLoc
[2025-11-04 00:39:59] [INFO] DISASSEMBLY - Processing FG item 2: Unknown (ID: 4), Qty: 1
[2025-11-04 00:39:59] [INFO] DISASSEMBLY - No serial tracking in original WO for Unknown
[2025-11-04 00:39:59] [INFO] DISASSEMBLY - Set destination location for Unknown: Main-RandoLoc
[2025-11-04 00:39:59] [INFO] DISASSEMBLY - Saving WO RCH001|251104|2:001...
[2025-11-04 00:39:59] [INFO] DISASSEMBLY - WO RCH001|251104|2:001 completed successfully
[2025-11-04 00:39:59] [INFO] DISASSEMBLY - Success: RCH001|251104|2:001 | RCH0010241W40
[2025-11-04 00:39:59] [INFO] DISASSEMBLY - Processing WO RCH001|251104|2:002 | Barcode RCH0010242W40 | Return Location 4
[2025-11-04 00:39:59] [INFO] DISASSEMBLY - WO retrieved, processing items for RCH001|251104|2:002
[2025-11-04 00:39:59] [INFO] DISASSEMBLY - Return location: Main-RandoLoc (ID: 4)
[2025-11-04 00:39:59] [INFO] DISASSEMBLY - WO has 3 items total
[2025-11-04 00:39:59] [INFO] DISASSEMBLY - Found 2 FG items (produced raw goods)
[2025-11-04 00:39:59] [INFO] DISASSEMBLY - Processing FG item 1: Unknown (ID: 1), Qty: 10
[2025-11-04 00:39:59] [INFO] DISASSEMBLY - Found 10 serial(s) from original WO for Unknown: BW3902793, BW4000217, BW4000222, BW4000264, BW4000269, BW4000272, BW4000304, BW4000431, BW4000441, BW4000452
[2025-11-04 00:39:59] [INFO] DISASSEMBLY - Applied 10 serial(s) to Unknown
[2025-11-04 00:39:59] [INFO] DISASSEMBLY - Set destination location for Unknown: Main-RandoLoc
[2025-11-04 00:39:59] [INFO] DISASSEMBLY - Processing FG item 2: Unknown (ID: 4), Qty: 1
[2025-11-04 00:39:59] [INFO] DISASSEMBLY - No serial tracking in original WO for Unknown
[2025-11-04 00:39:59] [INFO] DISASSEMBLY - Set destination location for Unknown: Main-RandoLoc
[2025-11-04 00:39:59] [INFO] DISASSEMBLY - Saving WO RCH001|251104|2:002...
[2025-11-04 00:39:59] [INFO] DISASSEMBLY - WO RCH001|251104|2:002 completed successfully
[2025-11-04 00:39:59] [INFO] DISASSEMBLY - Success: RCH001|251104|2:002 | RCH0010242W40
[2025-11-04 00:39:59] [INFO] DISASSEMBLY - Processing WO RCH001|251104|2:003 | Barcode RCH0010243W40 | Return Location 4
[2025-11-04 00:40:00] [INFO] DISASSEMBLY - WO retrieved, processing items for RCH001|251104|2:003
[2025-11-04 00:40:00] [INFO] DISASSEMBLY - Return location: Main-RandoLoc (ID: 4)
[2025-11-04 00:40:00] [INFO] DISASSEMBLY - WO has 3 items total
[2025-11-04 00:40:00] [INFO] DISASSEMBLY - Found 2 FG items (produced raw goods)
[2025-11-04 00:40:00] [INFO] DISASSEMBLY - Processing FG item 1: Unknown (ID: 1), Qty: 10
[2025-11-04 00:40:00] [INFO] DISASSEMBLY - Found 10 serial(s) from original WO for Unknown: BW3902561, BW3902818, BW3902823, BW4000167, BW4000210, BW4000223, BW4000438, BW4000440, BW4000442, BW4000447
[2025-11-04 00:40:00] [INFO] DISASSEMBLY - Applied 10 serial(s) to Unknown
[2025-11-04 00:40:00] [INFO] DISASSEMBLY - Set destination location for Unknown: Main-RandoLoc
[2025-11-04 00:40:00] [INFO] DISASSEMBLY - Processing FG item 2: Unknown (ID: 4), Qty: 1
[2025-11-04 00:40:00] [INFO] DISASSEMBLY - No serial tracking in original WO for Unknown
[2025-11-04 00:40:00] [INFO] DISASSEMBLY - Set destination location for Unknown: Main-RandoLoc
[2025-11-04 00:40:00] [INFO] DISASSEMBLY - Saving WO RCH001|251104|2:003...
[2025-11-04 00:40:00] [INFO] DISASSEMBLY - WO RCH001|251104|2:003 completed successfully
[2025-11-04 00:40:00] [INFO] DISASSEMBLY - Success: RCH001|251104|2:003 | RCH0010243W40
[2025-11-04 00:40:00] [INFO] DISASSEMBLY - Processing WO RCH001|251104|2:004 | Barcode RCH0010244W40 | Return Location 4
[2025-11-04 00:40:00] [INFO] STATUS - Queue status requested
[2025-11-04 00:40:00] [INFO] DISASSEMBLY - WO retrieved, processing items for RCH001|251104|2:004
[2025-11-04 00:40:00] [INFO] DISASSEMBLY - Return location: Main-RandoLoc (ID: 4)
[2025-11-04 00:40:00] [INFO] DISASSEMBLY - WO has 3 items total
[2025-11-04 00:40:00] [INFO] DISASSEMBLY - Found 2 FG items (produced raw goods)
[2025-11-04 00:40:00] [INFO] DISASSEMBLY - Processing FG item 1: Unknown (ID: 1), Qty: 10
[2025-11-04 00:40:00] [INFO] DISASSEMBLY - Found 10 serial(s) from original WO for Unknown: BW3902574, BW3902606, BW3902770, BW3902802, BW4000218, BW4000266, BW4000298, BW4000424, BW4000450, BW4000459
[2025-11-04 00:40:00] [INFO] DISASSEMBLY - Applied 10 serial(s) to Unknown
[2025-11-04 00:40:00] [INFO] DISASSEMBLY - Set destination location for Unknown: Main-RandoLoc
[2025-11-04 00:40:00] [INFO] DISASSEMBLY - Processing FG item 2: Unknown (ID: 4), Qty: 1
[2025-11-04 00:40:00] [INFO] DISASSEMBLY - No serial tracking in original WO for Unknown
[2025-11-04 00:40:00] [INFO] DISASSEMBLY - Set destination location for Unknown: Main-RandoLoc
[2025-11-04 00:40:00] [INFO] DISASSEMBLY - Saving WO RCH001|251104|2:004...
[2025-11-04 00:40:00] [INFO] DISASSEMBLY - WO RCH001|251104|2:004 completed successfully
[2025-11-04 00:40:00] [INFO] DISASSEMBLY - Success: RCH001|251104|2:004 | RCH0010244W40
[2025-11-04 00:40:00] [INFO] DISASSEMBLY - Processing WO RCH001|251104|2:005 | Barcode RCH0010245W40 | Return Location 4
[2025-11-04 00:40:00] [INFO] DISASSEMBLY - WO retrieved, processing items for RCH001|251104|2:005
[2025-11-04 00:40:00] [INFO] DISASSEMBLY - Return location: Main-RandoLoc (ID: 4)
[2025-11-04 00:40:00] [INFO] DISASSEMBLY - WO has 3 items total
[2025-11-04 00:40:00] [INFO] DISASSEMBLY - Found 2 FG items (produced raw goods)
[2025-11-04 00:40:00] [INFO] DISASSEMBLY - Processing FG item 1: Unknown (ID: 1), Qty: 10
[2025-11-04 00:40:00] [INFO] DISASSEMBLY - Found 10 serial(s) from original WO for Unknown: BW3902652, BW3902817, BW3902819, BW4000234, BW4000265, BW4000268, BW4000274, BW4000301, BW4000436, BW4000443
[2025-11-04 00:40:00] [INFO] DISASSEMBLY - Applied 10 serial(s) to Unknown
[2025-11-04 00:40:00] [INFO] DISASSEMBLY - Set destination location for Unknown: Main-RandoLoc
[2025-11-04 00:40:00] [INFO] DISASSEMBLY - Processing FG item 2: Unknown (ID: 4), Qty: 1
[2025-11-04 00:40:00] [INFO] DISASSEMBLY - No serial tracking in original WO for Unknown
[2025-11-04 00:40:00] [INFO] DISASSEMBLY - Set destination location for Unknown: Main-RandoLoc
[2025-11-04 00:40:00] [INFO] DISASSEMBLY - Saving WO RCH001|251104|2:005...
[2025-11-04 00:40:01] [INFO] DISASSEMBLY - WO RCH001|251104|2:005 completed successfully
[2025-11-04 00:40:01] [INFO] DISASSEMBLY - Success: RCH001|251104|2:005 | RCH0010245W40
[2025-11-04 00:40:01] [INFO] DISASSEMBLY - Processing WO RCH001|251104|2:006 | Barcode RCH0010246W40 | Return Location 4
[2025-11-04 00:40:01] [INFO] DISASSEMBLY - WO retrieved, processing items for RCH001|251104|2:006
[2025-11-04 00:40:01] [INFO] DISASSEMBLY - Return location: Main-RandoLoc (ID: 4)
[2025-11-04 00:40:01] [INFO] DISASSEMBLY - WO has 3 items total
[2025-11-04 00:40:01] [INFO] DISASSEMBLY - Found 2 FG items (produced raw goods)
[2025-11-04 00:40:01] [INFO] DISASSEMBLY - Processing FG item 1: Unknown (ID: 1), Qty: 10
[2025-11-04 00:40:01] [INFO] DISASSEMBLY - Found 10 serial(s) from original WO for Unknown: BW3902585, BW3902648, BW3902650, BW3902771, BW3902776, BW3902801, BW4000313, BW4000432, BW4000434, BW4000465
[2025-11-04 00:40:01] [INFO] DISASSEMBLY - Applied 10 serial(s) to Unknown
[2025-11-04 00:40:01] [INFO] DISASSEMBLY - Set destination location for Unknown: Main-RandoLoc
[2025-11-04 00:40:01] [INFO] DISASSEMBLY - Processing FG item 2: Unknown (ID: 4), Qty: 1
[2025-11-04 00:40:01] [INFO] DISASSEMBLY - No serial tracking in original WO for Unknown
[2025-11-04 00:40:01] [INFO] DISASSEMBLY - Set destination location for Unknown: Main-RandoLoc
[2025-11-04 00:40:01] [INFO] DISASSEMBLY - Saving WO RCH001|251104|2:006...
[2025-11-04 00:40:01] [INFO] DISASSEMBLY - WO RCH001|251104|2:006 completed successfully
[2025-11-04 00:40:01] [INFO] DISASSEMBLY - Success: RCH001|251104|2:006 | RCH0010246W40
[2025-11-04 00:40:01] [INFO] DISASSEMBLY - Processing WO RCH001|251104|2:007 | Barcode RCH0010247W40 | Return Location 4
[2025-11-04 00:40:01] [INFO] DISASSEMBLY - WO retrieved, processing items for RCH001|251104|2:007
[2025-11-04 00:40:01] [INFO] DISASSEMBLY - Return location: Main-RandoLoc (ID: 4)
[2025-11-04 00:40:01] [INFO] DISASSEMBLY - WO has 3 items total
[2025-11-04 00:40:01] [INFO] DISASSEMBLY - Found 2 FG items (produced raw goods)
[2025-11-04 00:40:01] [INFO] DISASSEMBLY - Processing FG item 1: Unknown (ID: 1), Qty: 10
[2025-11-04 00:40:01] [INFO] DISASSEMBLY - Found 10 serial(s) from original WO for Unknown: BW3902577, BW3902619, BW3902656, BW3902659, BW3902798, BW4000257, BW4000380, BW4000382, BW4000408, BW4000413
[2025-11-04 00:40:01] [INFO] DISASSEMBLY - Applied 10 serial(s) to Unknown
[2025-11-04 00:40:01] [INFO] DISASSEMBLY - Set destination location for Unknown: Main-RandoLoc
[2025-11-04 00:40:01] [INFO] DISASSEMBLY - Processing FG item 2: Unknown (ID: 4), Qty: 1
[2025-11-04 00:40:01] [INFO] DISASSEMBLY - No serial tracking in original WO for Unknown
[2025-11-04 00:40:01] [INFO] DISASSEMBLY - Set destination location for Unknown: Main-RandoLoc
[2025-11-04 00:40:01] [INFO] DISASSEMBLY - Saving WO RCH001|251104|2:007...
[2025-11-04 00:40:01] [INFO] DISASSEMBLY - WO RCH001|251104|2:007 completed successfully
[2025-11-04 00:40:01] [INFO] DISASSEMBLY - Success: RCH001|251104|2:007 | RCH0010247W40
[2025-11-04 00:40:01] [INFO] DISASSEMBLY - Processing WO RCH001|251104|2:008 | Barcode RCH0010248W40 | Return Location 4
[2025-11-04 00:40:02] [INFO] DISASSEMBLY - WO retrieved, processing items for RCH001|251104|2:008
[2025-11-04 00:40:02] [INFO] DISASSEMBLY - Return location: Main-RandoLoc (ID: 4)
[2025-11-04 00:40:02] [INFO] DISASSEMBLY - WO has 3 items total
[2025-11-04 00:40:02] [INFO] DISASSEMBLY - Found 2 FG items (produced raw goods)
[2025-11-04 00:40:02] [INFO] DISASSEMBLY - Processing FG item 1: Unknown (ID: 1), Qty: 10
[2025-11-04 00:40:02] [INFO] DISASSEMBLY - Found 10 serial(s) from original WO for Unknown: BW3902552, BW3902583, BW3902611, BW3902627, BW3902629, BW3902630, BW3902662, BW3902735, BW3902867, BW4000410
[2025-11-04 00:40:02] [INFO] DISASSEMBLY - Applied 10 serial(s) to Unknown
[2025-11-04 00:40:02] [INFO] DISASSEMBLY - Set destination location for Unknown: Main-RandoLoc
[2025-11-04 00:40:02] [INFO] DISASSEMBLY - Processing FG item 2: Unknown (ID: 4), Qty: 1
[2025-11-04 00:40:02] [INFO] DISASSEMBLY - No serial tracking in original WO for Unknown
[2025-11-04 00:40:02] [INFO] DISASSEMBLY - Set destination location for Unknown: Main-RandoLoc
[2025-11-04 00:40:02] [INFO] DISASSEMBLY - Saving WO RCH001|251104|2:008...
[2025-11-04 00:40:02] [INFO] DISASSEMBLY - WO RCH001|251104|2:008 completed successfully
[2025-11-04 00:40:02] [INFO] DISASSEMBLY - Success: RCH001|251104|2:008 | RCH0010248W40
[2025-11-04 00:40:02] [INFO] DISASSEMBLY - Processing WO RCH001|251104|2:009 | Barcode RCH0010249W40 | Return Location 4
[2025-11-04 00:40:02] [INFO] STATUS - Queue status requested
[2025-11-04 00:40:02] [INFO] DISASSEMBLY - WO retrieved, processing items for RCH001|251104|2:009
[2025-11-04 00:40:02] [INFO] DISASSEMBLY - Return location: Main-RandoLoc (ID: 4)
[2025-11-04 00:40:02] [INFO] DISASSEMBLY - WO has 3 items total
[2025-11-04 00:40:02] [INFO] DISASSEMBLY - Found 2 FG items (produced raw goods)
[2025-11-04 00:40:02] [INFO] DISASSEMBLY - Processing FG item 1: Unknown (ID: 1), Qty: 10
[2025-11-04 00:40:02] [INFO] DISASSEMBLY - Found 10 serial(s) from original WO for Unknown: BW3902567, BW3902570, BW3902625, BW3902727, BW3902728, BW3902743, BW3902866, BW3902870, BW4000412, BW4000426
[2025-11-04 00:40:02] [INFO] DISASSEMBLY - Applied 10 serial(s) to Unknown
[2025-11-04 00:40:02] [INFO] DISASSEMBLY - Set destination location for Unknown: Main-RandoLoc
[2025-11-04 00:40:02] [INFO] DISASSEMBLY - Processing FG item 2: Unknown (ID: 4), Qty: 1
[2025-11-04 00:40:02] [INFO] DISASSEMBLY - No serial tracking in original WO for Unknown
[2025-11-04 00:40:02] [INFO] DISASSEMBLY - Set destination location for Unknown: Main-RandoLoc
[2025-11-04 00:40:02] [INFO] DISASSEMBLY - Saving WO RCH001|251104|2:009...
[2025-11-04 00:40:02] [INFO] DISASSEMBLY - WO RCH001|251104|2:009 completed successfully
[2025-11-04 00:40:02] [INFO] DISASSEMBLY - Success: RCH001|251104|2:009 | RCH0010249W40
[2025-11-04 00:40:02] [INFO] DISASSEMBLY - Processing WO RCH001|251104|2:010 | Barcode RCH0010250W40 | Return Location 4
[2025-11-04 00:40:02] [INFO] DISASSEMBLY - WO retrieved, processing items for RCH001|251104|2:010
[2025-11-04 00:40:02] [INFO] DISASSEMBLY - Return location: Main-RandoLoc (ID: 4)
[2025-11-04 00:40:02] [INFO] DISASSEMBLY - WO has 3 items total
[2025-11-04 00:40:02] [INFO] DISASSEMBLY - Found 2 FG items (produced raw goods)
[2025-11-04 00:40:02] [INFO] DISASSEMBLY - Processing FG item 1: Unknown (ID: 1), Qty: 10
[2025-11-04 00:40:02] [INFO] DISASSEMBLY - Found 10 serial(s) from original WO for Unknown: BW3902572, BW3902578, BW3902592, BW3902615, BW3902633, BW3902664, BW3902733, BW3902789, BW4000399, BW4000411
[2025-11-04 00:40:02] [INFO] DISASSEMBLY - Applied 10 serial(s) to Unknown
[2025-11-04 00:40:02] [INFO] DISASSEMBLY - Set destination location for Unknown: Main-RandoLoc
[2025-11-04 00:40:02] [INFO] DISASSEMBLY - Processing FG item 2: Unknown (ID: 4), Qty: 1
[2025-11-04 00:40:02] [INFO] DISASSEMBLY - No serial tracking in original WO for Unknown
[2025-11-04 00:40:02] [INFO] DISASSEMBLY - Set destination location for Unknown: Main-RandoLoc
[2025-11-04 00:40:02] [INFO] DISASSEMBLY - Saving WO RCH001|251104|2:010...
[2025-11-04 00:40:03] [INFO] DISASSEMBLY - WO RCH001|251104|2:010 completed successfully
[2025-11-04 00:40:03] [INFO] DISASSEMBLY - Success: RCH001|251104|2:010 | RCH0010250W40
[2025-11-04 00:40:03] [INFO] DISASSEMBLY - Completed 10 item(s)
[2025-11-04 00:40:03] [INFO] BACKGROUND PROCESSOR - Complete
{
  "total": 10,
  "success": 10,
  "failed": 0
}
[2025-11-04 00:40:04] [INFO] STATUS - Queue status requested
[2025-11-04 00:40:04] [API] SQL QUERY
{
  "serverUrl": "http://localhost:2480",
  "sqlPreview": "\n      SELECT\n        status,\n        COUNT(*) as count,\n        COUNT(DISTINCT mo_number) as mo_cou...",
  "url": "http://localhost:2480/api/data-query"
}
[2025-11-04 00:40:04] [API] SQL QUERY RESPONSE - Status: 200, Rows: 1
[2025-11-04 00:40:04] [API] SQL QUERY
{
  "serverUrl": "http://localhost:2480",
  "sqlPreview": "SELECT COUNT(DISTINCT mo_number) as mo_count FROM mo_queue WHERE mo_number IS NOT NULL...",
  "url": "http://localhost:2480/api/data-query"
}
[2025-11-04 00:40:04] [API] SQL QUERY RESPONSE - Status: 200, Rows: 1
[2025-11-04 00:41:13] [INFO] Windows platform detected - added SIGBREAK handler for service control
[2025-11-04 00:41:13] [INFO] ============================================================
[2025-11-04 00:41:13] [INFO] MANUFACTURING ORCHESTRATOR PROXY SERVER
[2025-11-04 00:41:13] [INFO] ============================================================
[2025-11-04 00:41:13] [INFO] Server running on http://localhost:3000
[2025-11-04 00:41:13] [INFO] Web interface: http://localhost:3000/manufacturing-orchestrator.html
[2025-11-04 00:41:13] [INFO] Log level: INFO
[2025-11-04 00:41:13] [INFO] CORS enabled - Fishbowl API calls will be proxied
[2025-11-04 00:41:13] [INFO] SSL certificate validation disabled (development mode)
[2025-11-04 00:41:13] [INFO] ============================================================
[2025-11-04 00:41:13] [WARN] Found 1 orphaned token(s) from previous session(s)
[2025-11-04 00:41:13] [INFO] STARTUP - No pending jobs found, cleaning up orphaned tokens...
[2025-11-04 00:41:13] [INFO] TOKEN TRACKING - Attempting to logout 1 token(s)
[2025-11-04 00:41:13] [INFO] TOKEN TRACKING - Logging out admin@http://localhost:2480
[2025-11-04 00:41:13] [INFO] TOKEN TRACKING - Successfully logged out admin
[2025-11-04 00:41:13] [INFO] TOKEN TRACKING - Cleanup complete
{
  "loggedOut": 1,
  "failed": 0,
  "remaining": 0
}
[2025-11-04 00:41:13] [INFO] STARTUP - Successfully cleaned up 1 orphaned session(s)
[2025-11-04 00:41:13] [INFO] ============================================================
[2025-11-04 00:41:13] [INFO] Server ready - Press Ctrl+C to stop
[2025-11-04 00:41:16] [INFO] CONFIG - Loading configuration...
[2025-11-04 00:41:16] [INFO] CONFIG - Configuration loaded successfully
{
  "database": "ceres_tracking_v2"
}
[2025-11-04 00:41:16] [INFO] STATUS - Queue status requested
[2025-11-04 00:41:20] [API] LOGIN REQUEST
{
  "serverUrl": "http://localhost:2480",
  "username": "admin",
  "url": "http://localhost:2480/api/login"
}
[2025-11-04 00:41:20] [API] LOGIN RESPONSE - Status: 200
[2025-11-04 00:41:20] [INFO] LOGIN - Token tracked successfully. Total active tokens: 1
[2025-11-04 00:41:20] [API] SQL QUERY
{
  "serverUrl": "http://localhost:2480",
  "sqlPreview": "SELECT DATABASE() as current_db...",
  "url": "http://localhost:2480/api/data-query"
}
[2025-11-04 00:41:20] [API] SQL QUERY RESPONSE - Status: 200, Rows: 1
[2025-11-04 00:41:20] [INFO] CONFIG - Saving configuration...
[2025-11-04 00:41:20] [INFO] CONFIG - Configuration saved successfully
{
  "database": "ceres_tracking_v2"
}
[2025-11-04 00:41:20] [INFO] MYSQL - Initializing queue table...
{
  "database": "ceres_tracking_v2"
}
[2025-11-04 00:41:20] [INFO] MYSQL - Connected successfully
[2025-11-04 00:41:20] [INFO] MYSQL - Current database: ceres_tracking_v2
[2025-11-04 00:41:20] [INFO] MYSQL - Creating mo_queue table (if not exists)...
[2025-11-04 00:41:20] [INFO] MYSQL - Table ready (created or already exists)
[2025-11-04 00:41:20] [INFO] MYSQL - Table has 20 row(s)
[2025-11-04 00:41:20] [API] SQL QUERY
{
  "serverUrl": "http://localhost:2480",
  "sqlPreview": "SELECT locationgroup.name AS locationgroupnamelistvalue, locationgroup.id AS locgid FROM locationgro...",
  "url": "http://localhost:2480/api/data-query"
}
[2025-11-04 00:41:20] [API] SQL QUERY RESPONSE - Status: 200, Rows: 1
[2025-11-04 00:41:20] [INFO] CONFIG - Loading configuration...
[2025-11-04 00:41:20] [INFO] CONFIG - Configuration loaded successfully
{
  "database": "ceres_tracking_v2"
}
[2025-11-04 00:41:20] [INFO] PENDING JOBS - Checking for pending queue items
{
  "database": "ceres_tracking_v2"
}
[2025-11-04 00:41:20] [INFO] PENDING JOBS - Found 0 pending item(s)
[2025-11-04 00:41:22] [API] SQL QUERY
{
  "serverUrl": "http://localhost:2480",
  "sqlPreview": "SELECT bom.id AS bomid, bom.num, CONCAT(bom.num,' - ',bom.description) AS bom_list_value, locationgr...",
  "url": "http://localhost:2480/api/data-query"
}
[2025-11-04 00:41:22] [API] SQL QUERY RESPONSE - Status: 200, Rows: 1
[2025-11-04 00:41:24] [API] LOGOUT REQUEST - Cleaning up all tracked tokens
{
  "serverUrl": "http://localhost:2480"
}
[2025-11-04 00:41:24] [API] LOGOUT - Current session logged out successfully
[2025-11-04 00:41:24] [INFO] TOKEN TRACKING - No active tokens to logout
[2025-11-04 00:41:24] [API] LOGOUT - Complete
{
  "success": true,
  "loggedOut": 0,
  "failed": 0
}
